2025-08-27 23:56:47,010 - WARNING - Sending username and password in the clear
2025-08-27 23:56:47,011 - INFO - <BrokerConnection client_id=kafka-python-producer-1, node_id=bootstrap-0 host=localhost:9094 <connecting> [IPv6 ('::1', 9094, 0, 0)]>: connecting to localhost:9094 [('::1', 9094, 0, 0) IPv6]
2025-08-27 23:56:47,012 - INFO - <BrokerConnection client_id=kafka-python-producer-1, node_id=bootstrap-0 host=localhost:9094 <checking_api_versions_recv> [IPv6 ('::1', 9094, 0, 0)]>: Broker version identified as 2.6
2025-08-27 23:56:47,013 - INFO - <BrokerConnection client_id=kafka-python-producer-1, node_id=bootstrap-0 host=localhost:9094 <authenticating> [IPv6 ('::1', 9094, 0, 0)]>: Authenticated as admin via SASL / Plain
2025-08-27 23:56:47,013 - INFO - <BrokerConnection client_id=kafka-python-producer-1, node_id=bootstrap-0 host=localhost:9094 <connected> [IPv6 ('::1', 9094, 0, 0)]>: Connection complete.
2025-08-27 23:56:47,600 - INFO - Data fetched successfully from https://api.coinlore.net/api/tickers/
2025-08-27 23:56:47,601 - WARNING - Sending username and password in the clear
2025-08-27 23:56:47,602 - INFO - <BrokerConnection client_id=kafka-python-producer-1, node_id=2 host=localhost:9294 <connecting> [IPv6 ('::1', 9294, 0, 0)]>: connecting to localhost:9294 [('::1', 9294, 0, 0) IPv6]
2025-08-27 23:56:47,603 - INFO - <BrokerConnection client_id=kafka-python-producer-1, node_id=2 host=localhost:9294 <authenticating> [IPv6 ('::1', 9294, 0, 0)]>: Authenticated as admin via SASL / Plain
2025-08-27 23:56:47,603 - INFO - <BrokerConnection client_id=kafka-python-producer-1, node_id=2 host=localhost:9294 <connected> [IPv6 ('::1', 9294, 0, 0)]>: Connection complete.
2025-08-27 23:56:47,603 - INFO - <BrokerConnection client_id=kafka-python-producer-1, node_id=bootstrap-0 host=localhost:9094 <connected> [IPv6 ('::1', 9094, 0, 0)]>: Closing connection. 
2025-08-27 23:56:47,603 - WARNING - Sending username and password in the clear
2025-08-27 23:56:47,605 - INFO - Data sent to Kafka topic coin_prices
2025-08-27 23:56:50,160 - INFO - Data fetched successfully from https://api.coinlore.net/api/tickers/
2025-08-27 23:56:50,163 - INFO - Data sent to Kafka topic coin_prices
2025-08-27 23:56:50,163 - WARNING - Sending username and password in the clear
2025-08-27 23:56:50,164 - INFO - <BrokerConnection client_id=kafka-python-producer-1, node_id=1 host=localhost:9194 <connecting> [IPv6 ('::1', 9194, 0, 0)]>: connecting to localhost:9194 [('::1', 9194, 0, 0) IPv6]
2025-08-27 23:56:50,166 - INFO - <BrokerConnection client_id=kafka-python-producer-1, node_id=1 host=localhost:9194 <authenticating> [IPv6 ('::1', 9194, 0, 0)]>: Authenticated as admin via SASL / Plain
2025-08-27 23:56:50,166 - INFO - <BrokerConnection client_id=kafka-python-producer-1, node_id=1 host=localhost:9194 <connected> [IPv6 ('::1', 9194, 0, 0)]>: Connection complete.
2025-08-27 23:56:52,720 - INFO - Data fetched successfully from https://api.coinlore.net/api/tickers/
2025-08-27 23:56:52,723 - INFO - Data sent to Kafka topic coin_prices
2025-08-27 23:56:55,281 - INFO - Data fetched successfully from https://api.coinlore.net/api/tickers/
2025-08-27 23:56:55,285 - INFO - Data sent to Kafka topic coin_prices
2025-08-27 23:56:57,840 - INFO - Data fetched successfully from https://api.coinlore.net/api/tickers/
2025-08-27 23:56:57,843 - INFO - Data sent to Kafka topic coin_prices
2025-08-27 23:57:00,402 - INFO - Data fetched successfully from https://api.coinlore.net/api/tickers/
2025-08-27 23:57:00,406 - INFO - Data sent to Kafka topic coin_prices
2025-08-27 23:57:03,380 - INFO - Data fetched successfully from https://api.coinlore.net/api/tickers/
2025-08-27 23:57:03,383 - INFO - Data sent to Kafka topic coin_prices
2025-08-27 23:57:05,930 - INFO - Data fetched successfully from https://api.coinlore.net/api/tickers/
2025-08-27 23:57:05,933 - INFO - Data sent to Kafka topic coin_prices
2025-08-27 23:57:08,489 - INFO - Data fetched successfully from https://api.coinlore.net/api/tickers/
2025-08-27 23:57:08,490 - INFO - Data sent to Kafka topic coin_prices
2025-08-27 23:57:11,051 - INFO - Data fetched successfully from https://api.coinlore.net/api/tickers/
2025-08-27 23:57:11,054 - INFO - Data sent to Kafka topic coin_prices
2025-08-27 23:57:11,054 - WARNING - Sending username and password in the clear
2025-08-27 23:57:11,055 - INFO - <BrokerConnection client_id=kafka-python-producer-1, node_id=0 host=localhost:9094 <connecting> [IPv6 ('::1', 9094, 0, 0)]>: connecting to localhost:9094 [('::1', 9094, 0, 0) IPv6]
2025-08-27 23:57:11,056 - INFO - <BrokerConnection client_id=kafka-python-producer-1, node_id=0 host=localhost:9094 <authenticating> [IPv6 ('::1', 9094, 0, 0)]>: Authenticated as admin via SASL / Plain
2025-08-27 23:57:11,056 - INFO - <BrokerConnection client_id=kafka-python-producer-1, node_id=0 host=localhost:9094 <connected> [IPv6 ('::1', 9094, 0, 0)]>: Connection complete.
2025-08-27 23:57:13,565 - INFO - Data fetched successfully from https://api.coinlore.net/api/tickers/
2025-08-27 23:57:13,566 - INFO - Data sent to Kafka topic coin_prices
2025-08-27 23:57:16,171 - INFO - Data fetched successfully from https://api.coinlore.net/api/tickers/
2025-08-27 23:57:16,174 - INFO - Data sent to Kafka topic coin_prices
2025-08-27 23:57:18,731 - INFO - Data fetched successfully from https://api.coinlore.net/api/tickers/
2025-08-27 23:57:18,732 - INFO - Data sent to Kafka topic coin_prices
2025-08-27 23:57:21,291 - INFO - Data fetched successfully from https://api.coinlore.net/api/tickers/
2025-08-27 23:57:21,293 - INFO - Data sent to Kafka topic coin_prices
2025-08-27 23:57:23,849 - INFO - Data fetched successfully from https://api.coinlore.net/api/tickers/
2025-08-27 23:57:23,852 - INFO - Data sent to Kafka topic coin_prices
2025-08-27 23:57:26,409 - INFO - Data fetched successfully from https://api.coinlore.net/api/tickers/
2025-08-27 23:57:26,412 - INFO - Data sent to Kafka topic coin_prices
2025-08-27 23:57:28,934 - INFO - Data fetched successfully from https://api.coinlore.net/api/tickers/
2025-08-27 23:57:28,938 - INFO - Data sent to Kafka topic coin_prices
2025-08-27 23:57:31,530 - INFO - Data fetched successfully from https://api.coinlore.net/api/tickers/
2025-08-27 23:57:31,533 - INFO - Data sent to Kafka topic coin_prices
2025-08-27 23:57:34,091 - INFO - Data fetched successfully from https://api.coinlore.net/api/tickers/
2025-08-27 23:57:34,094 - INFO - Data sent to Kafka topic coin_prices
2025-08-27 23:57:36,968 - INFO - Data fetched successfully from https://api.coinlore.net/api/tickers/
2025-08-27 23:57:36,972 - INFO - Data sent to Kafka topic coin_prices
2025-08-27 23:57:39,517 - INFO - Data fetched successfully from https://api.coinlore.net/api/tickers/
2025-08-27 23:57:39,520 - INFO - Data sent to Kafka topic coin_prices
2025-08-27 23:57:42,077 - INFO - Data fetched successfully from https://api.coinlore.net/api/tickers/
2025-08-27 23:57:42,080 - INFO - Data sent to Kafka topic coin_prices
2025-08-27 23:57:44,638 - INFO - Data fetched successfully from https://api.coinlore.net/api/tickers/
2025-08-27 23:57:44,640 - INFO - Data sent to Kafka topic coin_prices
2025-08-27 23:57:47,197 - INFO - Data fetched successfully from https://api.coinlore.net/api/tickers/
2025-08-27 23:57:47,200 - INFO - Data sent to Kafka topic coin_prices
2025-08-27 23:57:49,759 - INFO - Data fetched successfully from https://api.coinlore.net/api/tickers/
2025-08-27 23:57:49,760 - INFO - Data sent to Kafka topic coin_prices
2025-08-27 23:57:52,317 - INFO - Data fetched successfully from https://api.coinlore.net/api/tickers/
2025-08-27 23:57:52,321 - INFO - Data sent to Kafka topic coin_prices
2025-08-27 23:57:52,916 - INFO - Kafka producer stopped manually
2025-08-27 23:57:52,916 - INFO - <KafkaProducer client_id=kafka-python-producer-1 transactional_id=None>: Closing the Kafka producer with 9223372036.0 secs timeout.
2025-08-27 23:57:52,917 - INFO - <BrokerConnection client_id=kafka-python-producer-1, node_id=2 host=localhost:9294 <connected> [IPv6 ('::1', 9294, 0, 0)]>: Closing connection. 
2025-08-27 23:57:52,917 - WARNING - Sending username and password in the clear
2025-08-27 23:57:52,917 - INFO - <BrokerConnection client_id=kafka-python-producer-1, node_id=1 host=localhost:9194 <connected> [IPv6 ('::1', 9194, 0, 0)]>: Closing connection. 
2025-08-27 23:57:52,917 - WARNING - Sending username and password in the clear
2025-08-27 23:57:52,918 - INFO - <BrokerConnection client_id=kafka-python-producer-1, node_id=0 host=localhost:9094 <connected> [IPv6 ('::1', 9094, 0, 0)]>: Closing connection. 
2025-08-27 23:57:52,918 - WARNING - Sending username and password in the clear
2025-08-27 23:57:52,918 - INFO - Kafka producer closed
